<?xml version="1.0" encoding="UTF-8"?>
<!-- Generated by org.testng.reporters.JUnitXMLReporter -->
<testsuite hostname="PANKAJ-DELL" name="Firefox test" tests="4" failures="0" timestamp="3 Jun 2021 17:02:51 GMT" time="106.517" errors="0">
  <testcase name="fnTest11" time="5.78" classname="com.qa.test.fnRqeq1"/>
  <testcase name="fnTest21" time="5.085" classname="com.qa.test.fnRqeq1"/>
  <testcase name="fnTest1" time="5.073" classname="com.newqa.fnRqeq2"/>
  <testcase name="fnTest2" time="5.057" classname="com.newqa.fnRqeq2"/>
</testsuite> <!-- Firefox test -->
