<?xml version="1.0" encoding="UTF-8"?>
<!-- Generated by org.testng.reporters.JUnitXMLReporter -->
<testsuite hostname="PANKAJ-DELL" name="Sample test" tests="4" failures="0" timestamp="3 Jun 2021 16:59:29 GMT" time="109.879" errors="0">
  <testcase name="fnTest11" time="5.773" classname="com.qa.test.fnRqeq1"/>
  <testcase name="fnTest21" time="5.062" classname="com.qa.test.fnRqeq1"/>
  <testcase name="fnTest1" time="5.071" classname="com.newqa.fnRqeq2"/>
  <testcase name="fnTest2" time="5.056" classname="com.newqa.fnRqeq2"/>
</testsuite> <!-- Sample test -->
